1. top6: [[2506.0, 14.5, 20.0], [2228.0, 14.0, 30.0], [2110.0, 17.9, 50.0], [2220.0, 16.9, 30.0], [1825.0, 18.6, 40.0], [4376.0, 15.0, 10.0]]
1. top6: [[3439.0, 15.5, 20.0], [1990.0, 17.0, 30.0], [2665.0, 13.9, 30.0], [1850.0, 13.8, 40.0], [3840.0, 15.4, 20.0], [1990.0, 14.9, 30.0]]
1. top6: [[4498.0, 14.5, 20.0], [3907.0, 21.0, 20.0], [2542.0, 17.0, 30.0], [2050.0, 17.3, 40.0], [2572.0, 14.9, 30.0], [2950.0, 17.3, 30.0]]
1. top6: [[4425.0, 10.0, 10.0], [3725.0, 13.4, 20.0], [2962.0, 13.5, 20.0], [1995.0, 16.2, 40.0], [4354.0, 9.0, 10.0], [2789.0, 15.0, 20.0]]
1. top6: [[1836.0, 21.0, 30.0], [3520.0, 16.4, 20.0], [3433.0, 12.0, 20.0], [2265.0, 15.5, 30.0], [4654.0, 13.0, 10.0], [2245.0, 16.9, 30.0]]
1. top6: [[2640.0, 18.6, 30.0], [2890.0, 17.3, 20.0], [4341.0, 10.0, 20.0], [3399.0, 11.0, 20.0], [2790.0, 15.6, 30.0], [3955.0, 13.2, 20.0]]
1. top6: [[3003.0, 20.1, 20.0], [3245.0, 15.4, 20.0], [2420.0, 12.5, 20.0], [2300.0, 14.5, 30.0], [2245.0, 16.9, 30.0], [2556.0, 13.2, 30.0]]
1. top6: [[3035.0, 20.5, 20.0], [2335.0, 23.7, 40.0], [3160.0, 19.6, 30.0], [3264.0, 16.0, 20.0], [2945.0, 16.0, 20.0], [2489.0, 15.0, 20.0]]
1. top6: [[3012.0, 17.6, 20.0], [3781.0, 17.0, 20.0], [2190.0, 14.2, 30.0], [3820.0, 16.7, 20.0], [2605.0, 19.6, 30.0], [3439.0, 15.5, 20.0]]
1. top6: [[4077.0, 14.0, 10.0], [2965.0, 15.8, 20.0], [2671.0, 13.5, 30.0], [2905.0, 14.3, 20.0], [2074.0, 19.5, 30.0], [1800.0, 16.4, 40.0]]
1. top6: [[2800.0, 14.4, 30.0], [3282.0, 15.0, 20.0], [2265.0, 15.5, 30.0], [2957.0, 17.0, 20.0], [1795.0, 17.5, 30.0], [2189.0, 18.0, 30.0]]
1. top6: [[4654.0, 13.0, 10.0], [4952.0, 11.5, 10.0], [3459.0, 16.0, 20.0], [2246.0, 14.0, 30.0], [3381.0, 18.7, 20.0], [3436.0, 11.0, 20.0]]
1. top6: [[4129.0, 13.0, 10.0], [4457.0, 13.5, 10.0], [1985.0, 16.0, 30.0], [2288.0, 17.0, 30.0], [1795.0, 17.5, 30.0], [3221.0, 13.5, 20.0]]
1. top6: [[2254.0, 23.5, 20.0], [2835.0, 14.7, 20.0], [2671.0, 13.5, 30.0], [3955.0, 13.2, 20.0], [3039.0, 15.0, 20.0], [4335.0, 14.5, 20.0]]
1. top6: [[3336.0, 17.0, 20.0], [3415.0, 15.8, 20.0], [4425.0, 10.0, 10.0], [3160.0, 19.6, 30.0], [4220.0, 11.1, 20.0], [2672.0, 17.5, 30.0]]
1. top6: [[4997.0, 14.0, 10.0], [2155.0, 16.4, 30.0], [2220.0, 14.0, 20.0], [3380.0, 15.8, 20.0], [3609.0, 8.0, 10.0], [1825.0, 12.2, 30.0]]
1. top6: [[2525.0, 16.0, 30.0], [4141.0, 14.0, 20.0], [3672.0, 11.5, 20.0], [4135.0, 13.5, 20.0], [3821.0, 11.0, 10.0], [4906.0, 12.5, 10.0]]
1. top6: [[2490.0, 15.7, 30.0], [2310.0, 18.5, 20.0], [2035.0, 22.2, 30.0], [4140.0, 13.7, 20.0], [2190.0, 14.1, 30.0], [4657.0, 13.5, 10.0]]
1. top6: [[4380.0, 12.1, 20.0], [2745.0, 16.7, 20.0], [3840.0, 15.4, 20.0], [3270.0, 21.9, 20.0], [1773.0, 19.0, 30.0], [1995.0, 16.2, 40.0]]
1. top6: [[4633.0, 11.0, 10.0], [4376.0, 15.0, 10.0], [3035.0, 20.5, 20.0], [2245.0, 16.9, 30.0], [2123.0, 14.0, 30.0], [2234.0, 12.5, 30.0]]
2. top50:[[[2506.0, 14.5, 20.0], [2228.0, 14.0, 30.0], [2110.0, 17.9, 50.0], [2220.0, 16.9, 30.0], [1825.0, 18.6, 40.0], [4376.0, 15.0, 10.0], [4295.0, 14.9, 20.0], [2158.0, 15.5, 20.0], [2155.0, 14.8, 30.0], [2190.0, 14.2, 30.0], [3012.0, 17.6, 20.0], [4077.0, 14.0, 10.0], [3360.0, 16.6, 20.0], [1795.0, 17.4, 30.0], [2085.0, 21.7, 40.0], [2188.0, 15.8, 30.0], [2694.0, 15.0, 20.0], [3900.0, 17.4, 20.0], [4360.0, 14.9, 20.0], [3425.0, 16.9, 20.0], [2430.0, 14.5, 20.0], [2003.0, 19.0, 30.0], [2145.0, 18.0, 30.0], [2164.0, 22.1, 20.0], [1795.0, 17.5, 30.0], [2560.0, 14.2, 30.0], [2945.0, 16.4, 30.0], [2350.0, 16.8, 30.0], [1985.0, 16.0, 30.0], [3955.0, 13.2, 20.0], [2575.0, 16.2, 30.0], [2265.0, 15.5, 30.0], [1940.0, 14.5, 30.0], [2070.0, 18.6, 40.0], [3021.0, 16.5, 20.0], [2640.0, 18.6, 30.0], [1850.0, 13.8, 40.0], [4638.0, 16.0, 10.0], [1965.0, 15.7, 30.0], [2288.0, 17.0, 30.0], [2219.0, 16.5, 30.0], [2525.0, 16.0, 30.0], [4633.0, 11.0, 10.0], [2945.0, 14.5, 20.0], [4165.0, 11.4, 20.0], [3158.0, 19.5, 20.0], [4054.0, 14.3, 20.0], [2265.0, 18.2, 30.0], [2910.0, 11.4, 30.0], [4080.0, 13.7, 20.0]]]
2. top50:[[[3439.0, 15.5, 20.0], [1990.0, 17.0, 30.0], [2665.0, 13.9, 30.0], [1850.0, 13.8, 40.0], [3840.0, 15.4, 20.0], [1990.0, 14.9, 30.0], [2220.0, 14.0, 20.0], [2215.0, 14.9, 30.0], [2003.0, 19.0, 30.0], [2130.0, 24.6, 40.0], [1985.0, 16.0, 30.0], [4354.0, 9.0, 10.0], [2525.0, 16.0, 30.0], [2155.0, 16.5, 30.0], [2930.0, 15.5, 20.0], [2904.0, 16.0, 20.0], [1834.0, 19.0, 30.0], [3900.0, 17.4, 20.0], [2255.0, 17.7, 30.0], [2046.0, 19.0, 30.0], [4154.0, 13.5, 10.0], [2542.0, 17.0, 30.0], [2910.0, 11.4, 30.0], [4464.0, 12.0, 10.0], [4425.0, 10.0, 10.0], [2234.0, 12.5, 30.0], [2451.0, 16.5, 30.0], [3278.0, 18.0, 20.0], [1773.0, 19.0, 30.0], [3155.0, 18.2, 20.0], [3190.0, 24.8, 30.0], [1755.0, 16.9, 40.0], [3761.0, 9.5, 20.0], [4498.0, 14.5, 20.0], [3870.0, 15.0, 10.0], [3211.0, 17.0, 20.0], [2774.0, 15.5, 20.0], [2890.0, 17.3, 20.0], [2130.0, 14.7, 40.0], [3121.0, 16.5, 20.0], [2556.0, 13.2, 30.0], [4295.0, 14.9, 20.0], [3850.0, 8.5, 20.0], [2074.0, 19.5, 30.0], [3820.0, 16.7, 20.0], [2979.0, 19.5, 20.0], [1915.0, 14.4, 40.0], [2123.0, 14.0, 30.0], [4952.0, 11.5, 10.0], [1825.0, 18.6, 40.0]]]
2. top50:[[[4498.0, 14.5, 20.0], [3907.0, 21.0, 20.0], [2542.0, 17.0, 30.0], [2050.0, 17.3, 40.0], [2572.0, 14.9, 30.0], [2950.0, 17.3, 30.0], [2789.0, 15.0, 20.0], [2051.0, 17.0, 30.0], [2155.0, 14.8, 30.0], [2945.0, 14.5, 20.0], [1795.0, 17.4, 30.0], [2720.0, 13.5, 20.0], [3955.0, 13.2, 20.0], [2933.0, 14.5, 20.0], [2164.0, 22.1, 20.0], [2506.0, 14.5, 20.0], [3563.0, 10.0, 20.0], [3725.0, 19.0, 30.0], [2020.0, 19.2, 30.0], [3265.0, 18.2, 20.0], [1800.0, 14.4, 40.0], [2108.0, 15.5, 20.0], [2120.0, 15.5, 30.0], [3012.0, 17.6, 20.0], [4055.0, 12.0, 10.0], [3233.0, 15.4, 20.0], [3360.0, 16.6, 20.0], [4464.0, 12.0, 10.0], [4096.0, 13.0, 10.0], [3761.0, 9.5, 20.0], [3380.0, 15.8, 20.0], [2265.0, 18.2, 30.0], [4042.0, 14.5, 10.0], [3211.0, 17.0, 20.0], [2790.0, 15.6, 30.0], [2380.0, 20.7, 30.0], [4732.0, 18.5, 10.0], [2288.0, 17.0, 30.0], [2515.0, 14.8, 20.0], [1990.0, 17.0, 30.0], [2130.0, 14.7, 40.0], [2965.0, 15.8, 20.0], [3302.0, 15.5, 20.0], [2003.0, 19.0, 30.0], [2160.0, 14.5, 40.0], [2401.0, 19.5, 20.0], [3410.0, 15.1, 20.0], [2672.0, 17.5, 30.0], [4906.0, 12.5, 10.0], [2255.0, 17.7, 30.0]]]
2. top50:[[[4425.0, 10.0, 10.0], [3725.0, 13.4, 20.0], [2962.0, 13.5, 20.0], [1995.0, 16.2, 40.0], [4354.0, 9.0, 10.0], [2789.0, 15.0, 20.0], [3070.0, 16.7, 20.0], [3988.0, 13.0, 10.0], [3230.0, 20.4, 30.0], [3360.0, 16.6, 20.0], [3940.0, 13.2, 10.0], [2020.0, 19.2, 30.0], [1825.0, 12.2, 30.0], [1760.0, 16.1, 40.0], [3158.0, 19.5, 20.0], [2625.0, 18.6, 30.0], [2145.0, 18.0, 30.0], [3761.0, 9.5, 20.0], [3015.0, 17.0, 40.0], [2639.0, 17.0, 20.0], [2595.0, 11.3, 30.0], [4380.0, 12.1, 20.0], [3425.0, 16.9, 20.0], [1950.0, 21.0, 30.0], [3520.0, 16.4, 20.0], [3465.0, 16.6, 20.0], [2171.0, 16.0, 30.0], [4154.0, 13.5, 10.0], [3630.0, 17.7, 20.0], [2391.0, 15.5, 30.0], [4237.0, 14.5, 10.0], [3955.0, 13.2, 20.0], [3693.0, 11.5, 20.0], [2110.0, 19.2, 40.0], [3270.0, 21.9, 20.0], [2694.0, 15.0, 20.0], [2255.0, 17.7, 30.0], [4060.0, 19.0, 20.0], [4363.0, 13.0, 10.0], [1985.0, 16.4, 30.0], [3264.0, 16.0, 20.0], [2245.0, 16.9, 30.0], [1925.0, 14.0, 30.0], [3205.0, 11.2, 20.0], [3233.0, 15.4, 20.0], [1955.0, 20.5, 30.0], [2451.0, 16.5, 30.0], [3420.0, 22.2, 20.0], [3003.0, 20.1, 20.0], [2660.0, 14.0, 20.0]]]
2. top50:[[[1836.0, 21.0, 30.0], [3520.0, 16.4, 20.0], [3433.0, 12.0, 20.0], [2265.0, 15.5, 30.0], [4654.0, 13.0, 10.0], [2245.0, 16.9, 30.0], [3962.0, 13.9, 20.0], [3880.0, 12.5, 20.0], [3892.0, 12.5, 20.0], [3504.0, 12.0, 20.0], [2560.0, 14.2, 30.0], [2279.0, 19.0, 20.0], [2833.0, 15.5, 20.0], [2110.0, 19.2, 40.0], [4257.0, 15.5, 10.0], [3693.0, 11.5, 20.0], [1800.0, 16.4, 40.0], [2074.0, 19.5, 30.0], [4190.0, 13.0, 20.0], [4425.0, 10.0, 10.0], [2190.0, 14.1, 30.0], [2592.0, 18.5, 20.0], [2228.0, 14.0, 30.0], [2310.0, 18.5, 20.0], [2051.0, 17.0, 30.0], [3430.0, 17.2, 20.0], [1613.0, 18.0, 40.0], [2035.0, 22.2, 30.0], [2190.0, 14.2, 30.0], [3205.0, 11.2, 20.0], [1975.0, 19.4, 40.0], [2490.0, 15.7, 30.0], [4464.0, 12.0, 10.0], [4077.0, 14.0, 10.0], [3574.0, 21.0, 20.0], [2330.0, 13.5, 20.0], [2660.0, 14.0, 20.0], [3410.0, 15.1, 20.0], [2046.0, 19.0, 30.0], [2300.0, 14.5, 30.0], [4385.0, 12.0, 10.0], [2219.0, 16.5, 30.0], [4215.0, 13.0, 20.0], [4341.0, 10.0, 20.0], [3940.0, 13.0, 20.0], [2020.0, 19.2, 30.0], [3150.0, 15.7, 20.0], [2045.0, 18.5, 30.0], [2045.0, 16.2, 30.0], [3230.0, 20.4, 30.0]]]
2. top50:[[[2640.0, 18.6, 30.0], [2890.0, 17.3, 20.0], [4341.0, 10.0, 20.0], [3399.0, 11.0, 20.0], [2790.0, 15.6, 30.0], [3955.0, 13.2, 20.0], [3735.0, 13.2, 20.0], [1985.0, 21.5, 40.0], [3015.0, 17.0, 40.0], [4425.0, 10.0, 10.0], [4654.0, 13.0, 10.0], [4082.0, 13.0, 20.0], [1795.0, 17.5, 30.0], [3150.0, 15.7, 20.0], [3892.0, 12.5, 20.0], [4140.0, 13.7, 20.0], [1963.0, 15.5, 30.0], [2735.0, 18.0, 30.0], [2965.0, 15.8, 20.0], [4457.0, 13.5, 10.0], [3725.0, 19.0, 30.0], [1834.0, 19.0, 30.0], [2592.0, 18.5, 20.0], [3530.0, 20.1, 30.0], [3725.0, 13.4, 20.0], [1937.0, 14.0, 30.0], [4294.0, 16.0, 10.0], [4499.0, 12.5, 10.0], [3205.0, 11.2, 20.0], [2130.0, 14.5, 30.0], [3777.0, 12.5, 20.0], [3139.0, 14.5, 20.0], [4699.0, 14.5, 10.0], [3940.0, 13.2, 10.0], [2875.0, 17.0, 20.0], [2542.0, 17.0, 30.0], [3140.0, 13.6, 20.0], [2125.0, 17.3, 40.0], [3645.0, 16.2, 20.0], [3672.0, 11.5, 20.0], [3459.0, 16.0, 20.0], [2600.0, 12.8, 20.0], [2395.0, 16.0, 20.0], [2711.0, 15.5, 30.0], [2310.0, 18.5, 20.0], [4215.0, 12.8, 10.0], [3278.0, 18.0, 20.0], [2320.0, 15.8, 30.0], [2755.0, 15.8, 30.0], [2288.0, 17.0, 30.0]]]
2. top50:[[[3003.0, 20.1, 20.0], [3245.0, 15.4, 20.0], [2420.0, 12.5, 20.0], [2300.0, 14.5, 30.0], [2245.0, 16.9, 30.0], [2556.0, 13.2, 30.0], [2230.0, 14.5, 30.0], [2735.0, 18.0, 30.0], [3039.0, 15.0, 20.0], [2379.0, 16.5, 20.0], [4657.0, 13.5, 10.0], [3620.0, 18.7, 20.0], [3190.0, 24.8, 30.0], [4746.0, 12.0, 10.0], [2051.0, 17.0, 30.0], [3060.0, 17.1, 20.0], [3264.0, 16.0, 20.0], [2950.0, 17.3, 30.0], [4638.0, 16.0, 10.0], [3530.0, 20.1, 30.0], [3399.0, 11.0, 20.0], [3880.0, 12.5, 20.0], [2430.0, 14.5, 20.0], [3735.0, 13.2, 20.0], [3085.0, 17.6, 20.0], [3988.0, 13.0, 10.0], [3360.0, 16.6, 20.0], [3415.0, 15.8, 20.0], [2678.0, 16.5, 30.0], [2124.0, 13.5, 20.0], [3278.0, 18.0, 20.0], [2025.0, 18.2, 40.0], [2125.0, 17.3, 40.0], [2600.0, 12.8, 20.0], [2830.0, 15.9, 20.0], [2795.0, 15.7, 20.0], [2542.0, 17.0, 30.0], [3609.0, 8.0, 10.0], [3725.0, 19.0, 30.0], [3574.0, 21.0, 20.0], [3570.0, 12.8, 20.0], [4135.0, 13.5, 20.0], [2720.0, 13.5, 20.0], [3021.0, 16.5, 20.0], [2595.0, 11.3, 30.0], [2464.0, 15.5, 30.0], [2525.0, 16.0, 30.0], [2670.0, 15.0, 30.0], [3410.0, 15.1, 20.0], [2500.0, 15.1, 40.0]]]
2. top50:[[[3035.0, 20.5, 20.0], [2335.0, 23.7, 40.0], [3160.0, 19.6, 30.0], [3264.0, 16.0, 20.0], [2945.0, 16.0, 20.0], [2489.0, 15.0, 20.0], [1985.0, 16.4, 30.0], [3735.0, 13.2, 20.0], [2585.0, 14.5, 30.0], [2490.0, 15.7, 30.0], [2200.0, 13.2, 30.0], [2051.0, 17.0, 30.0], [2774.0, 15.5, 20.0], [2408.0, 19.0, 20.0], [2035.0, 22.2, 30.0], [1940.0, 14.5, 30.0], [2124.0, 13.5, 20.0], [3270.0, 21.9, 20.0], [4060.0, 19.0, 20.0], [2100.0, 16.5, 30.0], [4054.0, 14.3, 20.0], [2950.0, 17.3, 30.0], [2391.0, 15.5, 30.0], [3880.0, 12.5, 20.0], [3169.0, 12.0, 10.0], [2000.0, 16.0, 30.0], [3210.0, 17.2, 20.0], [2070.0, 18.6, 40.0], [3672.0, 11.5, 20.0], [2150.0, 14.9, 30.0], [2807.0, 13.5, 20.0], [2933.0, 14.5, 20.0], [2295.0, 11.6, 30.0], [3102.0, 16.5, 20.0], [2700.0, 12.9, 30.0], [4668.0, 11.5, 20.0], [3012.0, 17.6, 20.0], [3190.0, 24.8, 30.0], [3535.0, 19.2, 20.0], [2210.0, 14.4, 30.0], [2300.0, 14.7, 30.0], [2914.0, 16.0, 20.0], [3250.0, 21.8, 30.0], [3278.0, 18.0, 20.0], [3785.0, 19.0, 20.0], [1965.0, 15.0, 40.0], [2789.0, 15.0, 20.0], [3897.0, 18.5, 20.0], [4140.0, 13.7, 20.0], [4082.0, 13.0, 20.0]]]
2. top50:[[[3012.0, 17.6, 20.0], [3781.0, 17.0, 20.0], [2190.0, 14.2, 30.0], [3820.0, 16.7, 20.0], [2605.0, 19.6, 30.0], [3439.0, 15.5, 20.0], [2220.0, 16.9, 30.0], [4955.0, 11.5, 10.0], [2045.0, 16.2, 30.0], [2855.0, 17.6, 20.0], [2123.0, 14.0, 30.0], [2065.0, 14.5, 30.0], [1965.0, 15.0, 40.0], [4376.0, 15.0, 10.0], [2278.0, 15.5, 20.0], [2565.0, 13.6, 30.0], [3520.0, 16.4, 20.0], [3420.0, 22.2, 20.0], [2202.0, 15.3, 30.0], [3840.0, 15.4, 20.0], [2205.0, 14.5, 40.0], [3693.0, 11.5, 20.0], [3211.0, 17.0, 20.0], [1836.0, 21.0, 30.0], [3270.0, 21.9, 20.0], [3574.0, 21.0, 20.0], [2914.0, 16.0, 20.0], [2582.0, 14.0, 20.0], [2670.0, 15.0, 30.0], [2587.0, 16.0, 20.0], [2545.0, 17.0, 20.0], [5140.0, 12.0, 10.0], [2592.0, 18.5, 20.0], [2720.0, 19.4, 30.0], [1945.0, 16.8, 30.0], [4274.0, 12.0, 10.0], [1950.0, 21.0, 30.0], [2145.0, 18.0, 30.0], [4054.0, 14.3, 20.0], [3160.0, 19.6, 30.0], [4498.0, 14.5, 20.0], [4278.0, 9.5, 20.0], [4654.0, 13.0, 10.0], [2807.0, 13.5, 20.0], [3086.0, 10.0, 10.0], [2230.0, 14.5, 30.0], [2408.0, 19.5, 20.0], [1963.0, 15.5, 30.0], [2665.0, 13.9, 30.0], [2979.0, 19.5, 20.0]]]
2. top50:[[[4077.0, 14.0, 10.0], [2965.0, 15.8, 20.0], [2671.0, 13.5, 30.0], [2905.0, 14.3, 20.0], [2074.0, 19.5, 30.0], [1800.0, 16.4, 40.0], [2542.0, 17.5, 30.0], [2190.0, 14.2, 30.0], [2144.0, 14.7, 40.0], [3329.0, 15.5, 20.0], [1995.0, 16.2, 40.0], [3620.0, 18.7, 20.0], [2670.0, 16.0, 30.0], [2075.0, 15.9, 30.0], [1834.0, 19.0, 30.0], [2395.0, 16.0, 20.0], [1975.0, 19.4, 40.0], [2220.0, 14.0, 20.0], [2155.0, 14.8, 30.0], [2451.0, 16.5, 30.0], [4129.0, 13.0, 10.0], [3504.0, 12.0, 20.0], [2582.0, 14.0, 20.0], [1950.0, 19.0, 30.0], [3230.0, 20.4, 30.0], [2914.0, 16.0, 20.0], [4699.0, 14.5, 10.0], [3449.0, 10.5, 20.0], [1925.0, 14.0, 30.0], [2065.0, 14.5, 30.0], [1990.0, 14.9, 30.0], [3830.0, 15.2, 20.0], [2085.0, 21.7, 40.0], [2120.0, 15.5, 30.0], [2100.0, 16.5, 30.0], [1850.0, 13.8, 40.0], [4098.0, 14.0, 10.0], [4422.0, 12.5, 10.0], [1965.0, 15.0, 40.0], [2962.0, 13.5, 20.0], [2605.0, 19.6, 30.0], [4382.0, 13.5, 10.0], [2901.0, 16.0, 20.0], [1965.0, 15.7, 30.0], [2434.0, 15.0, 40.0], [4654.0, 13.0, 10.0], [2264.0, 15.5, 30.0], [3432.0, 21.0, 20.0], [2124.0, 13.5, 20.0], [2265.0, 15.5, 30.0]]]
2. top50:[[[2800.0, 14.4, 30.0], [3282.0, 15.0, 20.0], [2265.0, 15.5, 30.0], [2957.0, 17.0, 20.0], [1795.0, 17.5, 30.0], [2189.0, 18.0, 30.0], [3210.0, 17.2, 20.0], [1755.0, 16.9, 40.0], [1950.0, 21.0, 30.0], [2228.0, 14.0, 30.0], [4354.0, 9.0, 10.0], [1925.0, 14.0, 30.0], [2130.0, 14.7, 40.0], [3840.0, 15.4, 20.0], [2408.0, 19.0, 20.0], [2150.0, 14.9, 30.0], [2660.0, 14.0, 20.0], [4457.0, 13.5, 10.0], [2587.0, 16.0, 20.0], [4363.0, 13.0, 10.0], [2950.0, 17.3, 30.0], [4274.0, 12.0, 10.0], [2490.0, 15.7, 30.0], [2711.0, 15.5, 30.0], [2215.0, 14.9, 30.0], [2639.0, 17.0, 20.0], [2790.0, 15.6, 30.0], [3436.0, 11.0, 20.0], [2945.0, 16.0, 20.0], [2190.0, 14.2, 30.0], [2634.0, 13.0, 20.0], [2500.0, 15.1, 40.0], [3433.0, 12.0, 20.0], [2220.0, 16.9, 30.0], [1937.0, 14.0, 30.0], [3430.0, 17.2, 20.0], [3900.0, 17.4, 20.0], [1950.0, 19.0, 30.0], [4082.0, 13.0, 20.0], [4129.0, 13.0, 10.0], [3530.0, 20.1, 30.0], [4360.0, 14.9, 20.0], [2391.0, 15.5, 30.0], [4098.0, 14.0, 10.0], [3205.0, 11.2, 20.0], [2190.0, 14.1, 30.0], [3380.0, 15.8, 20.0], [4154.0, 13.5, 10.0], [2489.0, 15.0, 20.0], [1963.0, 15.5, 30.0]]]
2. top50:[[[4654.0, 13.0, 10.0], [4952.0, 11.5, 10.0], [3459.0, 16.0, 20.0], [2246.0, 14.0, 30.0], [3381.0, 18.7, 20.0], [3436.0, 11.0, 20.0], [3365.0, 15.5, 20.0], [2019.0, 16.4, 40.0], [4464.0, 11.5, 10.0], [2385.0, 12.9, 30.0], [2020.0, 19.2, 30.0], [3433.0, 12.0, 20.0], [3169.0, 12.0, 10.0], [1925.0, 14.0, 30.0], [1915.0, 14.4, 40.0], [4363.0, 13.0, 10.0], [4638.0, 16.0, 10.0], [3574.0, 21.0, 20.0], [3329.0, 15.5, 20.0], [2506.0, 14.5, 20.0], [3302.0, 15.5, 20.0], [2855.0, 17.6, 20.0], [2660.0, 14.0, 20.0], [2545.0, 17.0, 20.0], [3645.0, 16.2, 20.0], [3900.0, 17.4, 20.0], [2065.0, 17.8, 30.0], [4732.0, 18.5, 10.0], [1649.0, 16.5, 30.0], [1950.0, 19.0, 30.0], [2451.0, 16.5, 30.0], [2605.0, 19.6, 30.0], [2833.0, 15.5, 20.0], [2950.0, 19.9, 40.0], [4237.0, 14.5, 10.0], [2380.0, 20.7, 30.0], [2255.0, 17.7, 30.0], [2215.0, 14.9, 30.0], [2160.0, 14.5, 40.0], [4220.0, 11.1, 20.0], [1800.0, 16.4, 40.0], [2110.0, 17.9, 50.0], [2230.0, 14.5, 30.0], [2900.0, 12.6, 30.0], [3288.0, 15.5, 20.0], [2670.0, 16.0, 30.0], [4615.0, 14.0, 10.0], [3102.0, 16.5, 20.0], [4385.0, 12.0, 10.0], [3060.0, 17.1, 20.0]]]
2. top50:[[[4129.0, 13.0, 10.0], [4457.0, 13.5, 10.0], [1985.0, 16.0, 30.0], [2288.0, 17.0, 30.0], [1795.0, 17.5, 30.0], [3221.0, 13.5, 20.0], [2930.0, 13.8, 20.0], [4042.0, 14.5, 10.0], [3820.0, 16.7, 20.0], [4376.0, 15.0, 10.0], [1867.0, 19.5, 30.0], [2545.0, 17.0, 20.0], [4385.0, 12.0, 10.0], [3777.0, 12.5, 20.0], [4380.0, 12.1, 20.0], [3430.0, 17.2, 20.0], [4055.0, 12.0, 10.0], [2310.0, 18.5, 20.0], [2220.0, 14.0, 20.0], [2295.0, 11.6, 30.0], [3830.0, 15.2, 20.0], [2795.0, 15.7, 20.0], [4295.0, 14.9, 20.0], [1825.0, 12.2, 30.0], [2830.0, 15.9, 20.0], [2807.0, 13.5, 20.0], [2639.0, 17.0, 20.0], [4209.0, 12.0, 10.0], [4100.0, 13.0, 10.0], [2740.0, 16.0, 20.0], [2575.0, 16.2, 30.0], [2720.0, 19.4, 30.0], [2375.0, 17.5, 30.0], [2595.0, 11.3, 30.0], [3574.0, 21.0, 20.0], [1965.0, 15.0, 40.0], [4354.0, 9.0, 10.0], [2372.0, 15.0, 20.0], [3250.0, 21.8, 30.0], [3399.0, 11.0, 20.0], [2370.0, 13.0, 40.0], [3892.0, 12.5, 20.0], [4952.0, 11.5, 10.0], [2350.0, 16.8, 30.0], [3140.0, 13.6, 20.0], [2019.0, 16.4, 40.0], [2290.0, 17.0, 30.0], [2950.0, 17.3, 30.0], [2300.0, 14.5, 30.0], [2264.0, 15.5, 30.0]]]
2. top50:[[[2254.0, 23.5, 20.0], [2835.0, 14.7, 20.0], [2671.0, 13.5, 30.0], [3955.0, 13.2, 20.0], [3039.0, 15.0, 20.0], [4335.0, 14.5, 20.0], [4464.0, 12.0, 10.0], [3035.0, 20.5, 20.0], [3003.0, 20.1, 20.0], [2890.0, 17.3, 20.0], [4638.0, 16.0, 10.0], [2582.0, 14.0, 20.0], [4060.0, 19.0, 20.0], [3632.0, 18.0, 20.0], [2155.0, 16.5, 30.0], [2833.0, 15.5, 20.0], [2542.0, 17.5, 30.0], [2620.0, 14.4, 30.0], [2556.0, 13.2, 30.0], [2035.0, 22.2, 30.0], [1995.0, 16.2, 40.0], [3430.0, 17.2, 20.0], [2395.0, 16.0, 20.0], [3221.0, 13.5, 20.0], [4952.0, 11.5, 10.0], [2210.0, 14.4, 30.0], [4165.0, 11.4, 20.0], [2164.0, 22.1, 20.0], [2335.0, 23.7, 40.0], [4746.0, 12.0, 10.0], [2910.0, 11.4, 30.0], [2511.0, 18.0, 20.0], [3211.0, 17.0, 20.0], [1867.0, 19.5, 30.0], [3140.0, 13.6, 20.0], [2755.0, 15.8, 30.0], [4615.0, 14.0, 10.0], [5140.0, 12.0, 10.0], [3380.0, 15.8, 20.0], [2694.0, 15.0, 20.0], [2451.0, 16.5, 30.0], [2720.0, 19.4, 30.0], [2868.0, 15.5, 20.0], [2901.0, 16.0, 20.0], [4295.0, 14.9, 20.0], [4699.0, 14.5, 10.0], [1970.0, 17.6, 30.0], [2202.0, 15.3, 30.0], [1825.0, 12.2, 30.0], [2278.0, 15.5, 20.0]]]
2. top50:[[[3336.0, 17.0, 20.0], [3415.0, 15.8, 20.0], [4425.0, 10.0, 10.0], [3160.0, 19.6, 30.0], [4220.0, 11.1, 20.0], [2672.0, 17.5, 30.0], [2200.0, 13.2, 30.0], [3672.0, 11.5, 20.0], [2464.0, 15.5, 30.0], [2950.0, 19.9, 40.0], [4464.0, 11.5, 10.0], [3735.0, 13.2, 20.0], [4951.0, 11.0, 10.0], [2144.0, 14.7, 40.0], [4952.0, 11.5, 10.0], [3620.0, 18.7, 20.0], [2264.0, 15.5, 30.0], [2489.0, 15.0, 20.0], [2279.0, 19.0, 20.0], [3525.0, 19.0, 20.0], [3820.0, 16.7, 20.0], [2807.0, 13.5, 20.0], [3570.0, 12.8, 20.0], [2223.0, 16.5, 30.0], [2420.0, 12.5, 20.0], [3270.0, 21.9, 20.0], [2774.0, 15.5, 20.0], [3430.0, 17.2, 20.0], [3420.0, 22.2, 20.0], [3821.0, 11.0, 10.0], [4100.0, 13.0, 10.0], [2585.0, 14.5, 30.0], [1975.0, 15.2, 30.0], [4360.0, 14.9, 20.0], [4997.0, 14.0, 10.0], [4955.0, 11.5, 10.0], [3761.0, 9.5, 20.0], [1985.0, 16.0, 30.0], [1795.0, 17.4, 30.0], [2300.0, 15.5, 30.0], [1965.0, 15.0, 40.0], [4135.0, 13.5, 20.0], [3840.0, 15.4, 20.0], [2833.0, 15.5, 20.0], [3221.0, 13.5, 20.0], [3365.0, 15.5, 20.0], [1834.0, 19.0, 30.0], [2910.0, 11.4, 30.0], [1945.0, 16.8, 30.0], [4295.0, 14.9, 20.0]]]
2. top50:[[[4997.0, 14.0, 10.0], [2155.0, 16.4, 30.0], [2220.0, 14.0, 20.0], [3380.0, 15.8, 20.0], [3609.0, 8.0, 10.0], [1825.0, 12.2, 30.0], [4237.0, 14.5, 10.0], [3892.0, 12.5, 20.0], [3139.0, 14.5, 20.0], [1965.0, 15.0, 40.0], [3336.0, 17.0, 20.0], [3102.0, 16.5, 20.0], [3365.0, 15.5, 20.0], [4215.0, 12.8, 10.0], [2600.0, 12.8, 20.0], [3060.0, 17.1, 20.0], [3880.0, 12.5, 20.0], [2135.0, 16.6, 30.0], [2515.0, 14.8, 20.0], [2290.0, 17.0, 30.0], [2130.0, 14.7, 40.0], [2774.0, 15.5, 20.0], [4042.0, 14.5, 10.0], [2990.0, 18.2, 20.0], [2795.0, 15.7, 20.0], [2962.0, 13.5, 20.0], [1850.0, 13.8, 40.0], [2815.0, 14.5, 20.0], [2490.0, 15.7, 30.0], [3730.0, 19.0, 20.0], [2556.0, 13.2, 30.0], [2025.0, 18.2, 40.0], [2108.0, 15.5, 20.0], [4952.0, 11.5, 10.0], [2003.0, 19.0, 30.0], [3302.0, 15.5, 20.0], [1975.0, 15.2, 30.0], [2575.0, 16.2, 30.0], [3003.0, 20.1, 20.0], [4100.0, 13.0, 10.0], [4456.0, 13.5, 10.0], [4129.0, 13.0, 10.0], [3449.0, 10.5, 20.0], [2678.0, 16.5, 30.0], [3264.0, 16.0, 20.0], [2560.0, 14.2, 30.0], [2160.0, 14.5, 40.0], [2855.0, 17.6, 20.0], [3850.0, 8.5, 20.0], [2965.0, 15.8, 20.0]]]
2. top50:[[[2525.0, 16.0, 30.0], [4141.0, 14.0, 20.0], [3672.0, 11.5, 20.0], [4135.0, 13.5, 20.0], [3821.0, 11.0, 10.0], [4906.0, 12.5, 10.0], [3381.0, 18.7, 20.0], [2900.0, 12.6, 30.0], [2003.0, 19.0, 30.0], [4735.0, 11.0, 10.0], [3302.0, 15.5, 20.0], [2979.0, 19.5, 20.0], [4376.0, 15.0, 10.0], [2587.0, 16.0, 20.0], [3940.0, 13.0, 20.0], [1835.0, 20.5, 30.0], [2615.0, 14.8, 30.0], [2671.0, 13.5, 30.0], [2164.0, 15.0, 30.0], [3609.0, 8.0, 10.0], [2391.0, 15.5, 30.0], [2210.0, 14.4, 30.0], [2385.0, 12.9, 30.0], [2930.0, 15.5, 20.0], [3730.0, 19.0, 20.0], [2108.0, 15.5, 20.0], [4363.0, 13.0, 10.0], [3035.0, 20.5, 20.0], [4054.0, 14.3, 20.0], [1985.0, 16.4, 30.0], [2648.0, 15.0, 20.0], [2957.0, 17.0, 20.0], [2833.0, 15.5, 20.0], [3015.0, 17.0, 40.0], [2223.0, 16.5, 30.0], [2035.0, 22.2, 30.0], [4955.0, 11.5, 10.0], [3830.0, 15.2, 20.0], [3504.0, 12.0, 20.0], [3777.0, 12.5, 20.0], [2665.0, 13.9, 30.0], [3193.0, 17.8, 20.0], [2265.0, 15.5, 30.0], [1975.0, 19.4, 40.0], [2711.0, 15.5, 30.0], [3693.0, 11.5, 20.0], [2950.0, 17.3, 30.0], [2254.0, 23.5, 20.0], [1955.0, 20.5, 30.0], [2506.0, 14.5, 20.0]]]
2. top50:[[[2490.0, 15.7, 30.0], [2310.0, 18.5, 20.0], [2035.0, 22.2, 30.0], [4140.0, 13.7, 20.0], [2190.0, 14.1, 30.0], [4657.0, 13.5, 10.0], [3380.0, 15.8, 20.0], [4141.0, 14.0, 20.0], [2130.0, 14.7, 40.0], [2472.0, 14.0, 20.0], [3988.0, 13.0, 10.0], [2219.0, 16.5, 30.0], [2164.0, 22.1, 20.0], [2720.0, 13.5, 20.0], [3955.0, 13.2, 20.0], [2511.0, 18.0, 20.0], [2405.0, 14.9, 20.0], [2375.0, 17.5, 30.0], [1985.0, 19.4, 30.0], [3430.0, 17.2, 20.0], [2188.0, 15.8, 30.0], [1613.0, 18.0, 40.0], [2575.0, 16.2, 30.0], [1773.0, 19.0, 30.0], [4464.0, 11.5, 10.0], [4098.0, 14.0, 10.0], [3432.0, 21.0, 20.0], [3410.0, 15.1, 20.0], [2144.0, 14.7, 40.0], [2000.0, 16.0, 30.0], [2965.0, 15.8, 20.0], [3777.0, 12.5, 20.0], [2670.0, 16.0, 30.0], [1965.0, 15.7, 30.0], [2210.0, 14.4, 30.0], [1800.0, 14.4, 40.0], [1795.0, 17.4, 30.0], [2694.0, 15.0, 20.0], [2226.0, 16.5, 20.0], [2464.0, 15.5, 30.0], [2189.0, 18.0, 30.0], [4129.0, 13.0, 10.0], [2635.0, 18.3, 30.0], [2815.0, 14.5, 20.0], [4906.0, 12.5, 10.0], [4082.0, 13.0, 20.0], [4746.0, 12.0, 10.0], [3245.0, 15.4, 20.0], [1950.0, 19.0, 30.0], [2542.0, 17.0, 30.0]]]
2. top50:[[[4380.0, 12.1, 20.0], [2745.0, 16.7, 20.0], [3840.0, 15.4, 20.0], [3270.0, 21.9, 20.0], [1773.0, 19.0, 30.0], [1995.0, 16.2, 40.0], [2830.0, 15.9, 20.0], [2542.0, 17.0, 30.0], [2545.0, 17.0, 20.0], [2171.0, 16.0, 30.0], [3735.0, 13.2, 20.0], [2711.0, 15.5, 30.0], [1975.0, 19.4, 40.0], [1795.0, 17.4, 30.0], [4215.0, 12.8, 10.0], [4746.0, 12.0, 10.0], [3821.0, 11.0, 10.0], [2930.0, 13.8, 20.0], [2774.0, 15.5, 20.0], [2962.0, 13.5, 20.0], [3211.0, 17.0, 20.0], [2420.0, 12.5, 20.0], [3520.0, 16.4, 20.0], [4257.0, 15.5, 10.0], [2556.0, 13.2, 30.0], [4042.0, 14.5, 10.0], [2085.0, 21.7, 40.0], [2278.0, 15.5, 20.0], [4735.0, 11.0, 10.0], [1613.0, 18.0, 40.0], [4906.0, 12.5, 10.0], [2051.0, 17.0, 30.0], [4209.0, 12.0, 10.0], [2300.0, 14.5, 30.0], [2123.0, 14.0, 30.0], [2300.0, 15.5, 30.0], [2506.0, 14.5, 20.0], [2025.0, 18.2, 40.0], [1940.0, 14.5, 30.0], [2158.0, 15.5, 20.0], [2395.0, 16.0, 20.0], [2605.0, 19.6, 30.0], [1985.0, 19.4, 30.0], [3988.0, 13.0, 10.0], [3574.0, 21.0, 20.0], [2489.0, 15.0, 20.0], [3609.0, 8.0, 10.0], [3781.0, 17.0, 20.0], [2890.0, 17.3, 20.0], [2189.0, 18.0, 30.0]]]
2. top50:[[[4633.0, 11.0, 10.0], [4376.0, 15.0, 10.0], [3035.0, 20.5, 20.0], [2245.0, 16.9, 30.0], [2123.0, 14.0, 30.0], [2234.0, 12.5, 30.0], [2745.0, 16.7, 20.0], [1800.0, 16.4, 40.0], [2875.0, 17.0, 20.0], [3410.0, 15.8, 20.0], [3085.0, 17.6, 20.0], [3086.0, 10.0, 10.0], [2434.0, 15.0, 40.0], [4363.0, 13.0, 10.0], [2904.0, 16.0, 20.0], [2264.0, 15.5, 30.0], [3850.0, 8.5, 20.0], [3430.0, 17.2, 20.0], [2230.0, 14.5, 30.0], [3139.0, 14.5, 20.0], [2085.0, 21.7, 40.0], [3632.0, 18.0, 20.0], [2965.0, 15.8, 20.0], [2370.0, 13.0, 40.0], [2189.0, 18.0, 30.0], [2310.0, 18.5, 20.0], [2320.0, 15.8, 30.0], [2295.0, 11.6, 30.0], [2408.0, 19.0, 20.0], [2019.0, 16.4, 40.0], [2900.0, 12.6, 30.0], [3449.0, 10.5, 20.0], [2720.0, 15.4, 30.0], [3439.0, 15.5, 20.0], [3574.0, 21.0, 20.0], [2330.0, 13.5, 20.0], [4294.0, 16.0, 10.0], [3282.0, 15.0, 20.0], [2155.0, 16.4, 30.0], [4668.0, 11.5, 20.0], [2865.0, 16.4, 20.0], [1985.0, 16.4, 30.0], [4237.0, 14.5, 10.0], [2075.0, 15.9, 30.0], [4955.0, 11.5, 10.0], [2950.0, 19.9, 40.0], [4209.0, 12.0, 10.0], [2408.0, 19.5, 20.0], [2639.0, 17.0, 20.0], [3761.0, 9.5, 20.0]]]
3. most: [2130.0, 24.6, 40.0]
3. most: [2130.0, 24.6, 40.0]
3. most: [2130.0, 24.6, 40.0]
3. most: [2130.0, 24.6, 40.0]
3. most: [2130.0, 24.6, 40.0]
3. most: [2130.0, 24.6, 40.0]
3. most: [2130.0, 24.6, 40.0]
3. most: [2130.0, 24.6, 40.0]
3. most: [2130.0, 24.6, 40.0]
3. most: [2130.0, 24.6, 40.0]
3. most: [2130.0, 24.6, 40.0]
3. most: [2130.0, 24.6, 40.0]
3. most: [2130.0, 24.6, 40.0]
3. most: [2130.0, 24.6, 40.0]
3. most: [2130.0, 24.6, 40.0]
3. most: [2130.0, 24.6, 40.0]
3. most: [2130.0, 24.6, 40.0]
3. most: [2130.0, 24.6, 40.0]
3. most: [2130.0, 24.6, 40.0]
3. most: [2130.0, 24.6, 40.0]
4: rand:1559.0
4: rand:1057.8666666666666
4: rand:888.1333333333333
4: rand:1440.0
4: rand:893.8000000000001
4: rand:988.5
4: rand:1082.6666666666667
4: rand:689.7333333333332
4: rand:1288.3999999999999
4: rand:1456.5
4: rand:943.5666666666666
4: rand:607.3333333333334
4: rand:1105.3333333333333
4: rand:704.2666666666668
4: rand:987.9333333333334
4: rand:1057.8333333333333
4: rand:1560.1666666666667
4: rand:709.5333333333333
4: rand:998.5
4: rand:1219.5666666666666
4: rand:908.1666666666666
4: rand:1158.1666666666667
4: rand:911.8333333333334
4: rand:753.3000000000001
4: rand:733.8333333333334
4: rand:1391.2333333333333
4: rand:904.8333333333334
4: rand:1213.3333333333333
4: rand:1188.0
4: rand:812.1666666666666
4: rand:1165.0
4: rand:771.0666666666666
4: rand:1373.0
4: rand:1258.0
4: rand:921.8000000000001
4: rand:682.1666666666666
4: rand:787.8333333333334
4: rand:731.1666666666666
4: rand:1231.1666666666667
4: rand:1155.0
4: rand:946.8333333333334
4: rand:732.9
4: rand:860.6666666666666
4: rand:918.8333333333334
4: rand:731.5333333333333
4: rand:628.5
4: rand:866.4
4: rand:972.6999999999999
4: rand:1362.7666666666667
4: rand:731.0
4: rand:643.8000000000001
4: rand:1024.0
4: rand:724.8333333333334
4: rand:702.4333333333334
4: rand:732.9
4: rand:1003.3000000000001
4: rand:757.3333333333334
4: rand:921.8000000000001
4: rand:661.5
4: rand:682.1666666666666
4: rand:989.1666666666666
4: rand:869.5333333333333
4: rand:877.6
4: rand:802.3333333333334
4: rand:1374.3333333333333
4: rand:948.1333333333333
4: rand:1457.6666666666667
4: rand:1427.5
4: rand:771.0666666666666
4: rand:1107.8333333333333
4: rand:733.8000000000001
4: rand:565.1666666666666
4: rand:1178.6666666666667
4: rand:911.8333333333334
4: rand:683.7333333333332
4: rand:689.7333333333332
4: rand:1006.1666666666666
4: rand:805.1666666666666
4: rand:1359.0
4: rand:733.8333333333334
4: rand:1252.8
4: rand:983.8000000000001
4: rand:1560.1666666666667
4: rand:876.8333333333334
4: rand:1216.5
4: rand:1216.5
4: rand:1258.0
4: rand:565.1666666666666
4: rand:779.0
4: rand:1167.2
4: rand:1139.8999999999999
4: rand:767.5666666666666
4: rand:1100.6000000000001
4: rand:815.8333333333334
4: rand:1064.3999999999999
4: rand:956.1666666666666
4: rand:614.1666666666666
4: rand:1371.2333333333333
4: rand:1061.8999999999999
4: rand:1391.2333333333333
4: rand:787.8333333333334
4: rand:1407.6666666666667
4: rand:614.1333333333333
4: rand:1256.0666666666666
4: rand:1464.9666666666665
4: rand:836.5
4: rand:1082.6666666666667
4: rand:925.3333333333334
4: rand:889.0
4: rand:726.5666666666666
4: rand:1391.6666666666667
4: rand:1258.0
4: rand:1337.0
4: rand:1367.0
4: rand:845.2333333333332
4: rand:669.5
4: rand:656.3333333333334
4: rand:767.5666666666666
4: rand:917.8333333333334
4: rand:1040.8666666666666
4: rand:874.3333333333334
4: rand:656.3333333333334
4: rand:1153.9666666666667
4: rand:1003.3000000000001
4: rand:1035.3333333333333
4: rand:1420.5
4: rand:815.6666666666666
4: rand:1371.6666666666667
4: rand:1024.0
4: rand:1308.1666666666667
4: rand:945.1999999999999
4: rand:697.8333333333334
4: rand:902.9666666666667
4: rand:972.6999999999999
4: rand:1312.4666666666667
4: rand:1133.5
4: rand:983.3333333333334
4: rand:872.3000000000001
4: rand:851.6999999999999
4: rand:1082.3999999999999
4: rand:667.0
4: rand:660.3333333333334
4: rand:997.1333333333333
4: rand:1231.1666666666667
4: rand:1337.0
4: rand:733.8333333333334
4: rand:767.5666666666666
4: rand:956.1666666666666
4: rand:955.3000000000001
4: rand:669.5
4: rand:1495.1666666666667
4: rand:643.8000000000001
4: rand:735.3666666666667
4: rand:735.3666666666667
4: rand:948.1333333333333
4: rand:778.8666666666667
4: rand:1155.7333333333333
4: rand:829.6666666666666
4: rand:898.0
4: rand:1329.3999999999999
4: rand:1205.0
4: rand:1391.6666666666667
4: rand:754.1666666666666
4: rand:1082.6666666666667
4: rand:695.7333333333332
4: rand:782.8333333333334
4: rand:1105.6666666666667
4: rand:813.3000000000001
4: rand:1143.3333333333333
4: rand:1585.3333333333333
4: rand:872.0
4: rand:1100.6000000000001
4: rand:1064.3999999999999
4: rand:832.5
4: rand:557.0
4: rand:846.8333333333334
4: rand:1152.7333333333333
4: rand:1157.6666666666667
4: rand:810.3333333333334
4: rand:1133.5
4: rand:869.5333333333333
4: rand:1105.6666666666667
4: rand:798.9333333333334
4: rand:898.0
4: rand:1288.3999999999999
4: rand:630.7666666666667
4: rand:835.3333333333334
4: rand:993.1666666666666
4: rand:751.4666666666667
4: rand:888.1333333333333
4: rand:1657.3333333333333
4: rand:724.3333333333334
4: rand:1324.3333333333333
4: rand:1586.8333333333333
4: rand:1069.8666666666666
4: rand:1468.5
4: rand:888.1333333333333
4: rand:614.1333333333333
4: rand:917.8333333333334
4: rand:694.4
5: mid: [2596.9247787610616, 16.69159292035397, 26.460176991150448]
5: mid: [2576.0104529616738, 16.51881533101046, 27.003484320557487]
5: mid: [2358.94930875576, 16.490783410138242, 29.032258064516114]
5: mid: [2311.169154228857, 16.590547263681593, 29.552238805970156]
5: mid: [2311.169154228857, 16.590547263681593, 29.552238805970156]
5: mid: [2311.169154228857, 16.590547263681593, 29.552238805970156]
5: mid: [2277.4326923076924, 16.509615384615383, 26.63461538461539]
5: mid: [2309.025, 16.593500000000013, 29.60000000000001]
5: mid: [2309.025, 16.593500000000013, 29.60000000000001]
5: mid: [2310.9547738693477, 16.60653266331659, 29.597989949748747]
5: mid: [2306.6865671641795, 16.63930348258706, 29.502487562189042]
5: mid: [2308.394999999999, 16.64399999999999, 29.499999999999993]
5: mid: [2308.8391959798996, 16.65728643216081, 29.54773869346734]
5: mid: [2308.8391959798996, 16.65728643216081, 29.54773869346734]
5: mid: [2309.717171717168, 16.65757575757575, 29.545454545454554]
5: mid: [2309.717171717168, 16.65757575757575, 29.545454545454554]
5: mid: [2310.908629441626, 16.66142131979695, 29.543147208121823]
5: mid: [2313.6530612244906, 16.649489795918377, 29.5408163265306]
5: mid: [2313.6530612244906, 16.649489795918377, 29.5408163265306]
5: mid: [2314.287179487178, 16.662051282051294, 29.53846153846153]
5: mid: [2040.111111111111, 18.03333333333333, 37.77777777777778]
5: mid: [2394.772727272727, 17.145454545454548, 33.63636363636364]
5: mid: [2394.772727272727, 17.145454545454548, 33.63636363636364]
5: mid: [2394.772727272727, 17.145454545454548, 33.63636363636364]
5: mid: [2394.772727272727, 17.145454545454548, 33.63636363636364]
5: mid: [2394.772727272727, 17.145454545454548, 33.63636363636364]
5: mid: [2307.050505050504, 16.5949494949495, 29.393939393939377]
5: mid: [2307.269035532994, 16.600507614213207, 29.39086294416242]
5: mid: [2306.7551020408155, 16.58826530612246, 29.43877551020407]
5: mid: [2307.128205128204, 16.609230769230784, 29.435897435897424]
5: mid: [2574.989547038331, 16.444947735191636, 26.968641114982592]
5: mid: [2567.2474226804115, 16.43883161512028, 26.97594501718213]
5: mid: [2434.04938271605, 16.425514403292187, 28.353909465020593]
5: mid: [2356.8181818181815, 16.442727272727293, 29.045454545454536]
5: mid: [2342.10648148148, 16.47083333333334, 29.16666666666667]
5: mid: [2316.5865384615377, 16.531730769230766, 29.375]
5: mid: [2332.7962085308063, 16.515165876777264, 29.241706161137444]
5: mid: [2316.1449275362334, 16.51980676328502, 29.420289855072472]
5: mid: [2310.2524271844677, 16.502427184466008, 29.417475728155345]
5: mid: [2310.1528662420383, 16.494267515923568, 30.25477707006371]
5: mid: [2091.435897435898, 16.589743589743595, 31.794871794871796]
5: mid: [2310.860696517413, 16.577611940298507, 29.502487562189046]
5: mid: [2308.6899999999996, 16.57700000000002, 29.549999999999994]
5: mid: [2306.2211055276402, 16.58793969849247, 29.547738693467327]
5: mid: [2304.6363636363626, 16.5989898989899, 29.54545454545454]
5: mid: [2303.2131979695437, 16.609644670050784, 29.543147208121834]
5: mid: [2299.642857142859, 16.591836734693874, 29.591836734693885]
5: mid: [2299.642857142859, 16.591836734693874, 29.591836734693885]
5: mid: [2299.642857142859, 16.591836734693874, 29.591836734693885]
5: mid: [2302.3435897435897, 16.57948717948718, 29.589743589743584]
5: mid: [2381.0, 16.47, 31.0]
5: mid: [2308.368159203979, 16.634328358208958, 29.552238805970138]
5: mid: [2308.368159203979, 16.634328358208958, 29.552238805970138]
5: mid: [2306.184999999999, 16.634, 29.600000000000023]
5: mid: [2308.5477386934667, 16.612060301507544, 29.59798994974874]
5: mid: [2308.5477386934667, 16.612060301507544, 29.59798994974874]
5: mid: [2308.5477386934667, 16.612060301507544, 29.59798994974874]
5: mid: [2308.767676767675, 16.617676767676766, 29.5959595959596]
5: mid: [2308.767676767675, 16.617676767676766, 29.5959595959596]
5: mid: [2309.370558375635, 16.630456852791884, 29.593908629441625]
5: mid: [2311.5649999999987, 16.575500000000005, 29.49999999999999]
5: mid: [2310.4527363184097, 16.617412935323397, 29.502487562189053]
5: mid: [2309.1449999999986, 16.625999999999998, 29.499999999999993]
5: mid: [2307.8592964824093, 16.641206030150748, 29.497487437185928]
5: mid: [2309.2373737373723, 16.61313131313132, 29.4949494949495]
5: mid: [2304.9695431472082, 16.617766497461933, 29.543147208121816]
5: mid: [2306.5765306122453, 16.615816326530616, 29.540816326530596]
5: mid: [2301.635897435898, 16.58871794871794, 29.589743589743573]
5: mid: [2300.798969072166, 16.59432989690721, 29.587628865979376]
5: mid: [2301.3108808290153, 16.60103626943005, 29.585492227979262]
5: mid: [2309.1237623762377, 16.616831683168314, 29.50495049504951]
5: mid: [2573.372013651877, 16.490102389078512, 26.92832764505121]
5: mid: [2571.6712328767094, 16.489383561643844, 26.95205479452055]
5: mid: [2571.6712328767094, 16.489383561643844, 26.95205479452055]
5: mid: [2309.845771144281, 16.624875621890556, 29.502487562189067]
5: mid: [2307.6700000000023, 16.624500000000005, 29.550000000000004]
5: mid: [2305.1959798994985, 16.635678391959807, 29.547738693467327]
5: mid: [2304.6919191919205, 16.644444444444453, 29.59595959595961]
5: mid: [2304.6919191919205, 16.644444444444453, 29.59595959595961]
5: mid: [2304.6919191919205, 16.644444444444453, 29.59595959595961]
5: mid: [2095.5476190476193, 16.769047619047615, 32.38095238095238]
5: mid: [2312.9699999999993, 16.630000000000017, 29.500000000000004]
5: mid: [2312.9699999999993, 16.630000000000017, 29.500000000000004]
5: mid: [2312.9699999999993, 16.630000000000017, 29.500000000000004]
5: mid: [2310.7989949748735, 16.629648241206045, 29.547738693467338]
5: mid: [2308.328282828282, 16.640909090909098, 29.545454545454536]
5: mid: [2306.92385786802, 16.651776649746182, 29.54314720812182]
5: mid: [2305.326530612245, 16.66326530612247, 29.540816326530603]
5: mid: [2303.1230769230783, 16.65641025641027, 29.53846153846154]
5: mid: [2301.737113402062, 16.66546391752576, 29.536082474226806]
5: mid: [2310.955445544554, 16.600990099009906, 29.504950495049517]
5: mid: [2308.8457711442784, 16.59402985074627, 29.502487562189057]
5: mid: [2309.774999999999, 16.607, 29.500000000000007]
5: mid: [2309.774999999999, 16.607, 29.500000000000007]
5: mid: [2309.774999999999, 16.607, 29.500000000000007]
5: mid: [2309.774999999999, 16.607, 29.500000000000007]
5: mid: [2309.774999999999, 16.607, 29.500000000000007]
5: mid: [2309.8241206030143, 16.61256281407036, 29.49748743718594]
5: mid: [2304.974747474749, 16.585858585858578, 29.54545454545454]
5: mid: [2304.5989847715737, 16.586294416243664, 29.593908629441625]
5: mid: [2569.5494880546084, 16.479863481228666, 26.92832764505118]
5: mid: [2912.610079575596, 15.682228116710876, 24.24403183023874]
5: mid: [2569.5494880546084, 16.479863481228666, 26.92832764505118]
5: mid: [2569.5494880546084, 16.479863481228666, 26.92832764505118]
5: mid: [2570.6986301369866, 16.493493150684937, 26.917808219178077]
5: mid: [2304.721393034826, 16.59253731343285, 29.45273631840797]
5: mid: [2568.3642611683867, 16.475257731958767, 26.907216494845358]
5: mid: [2424.1714285714274, 16.42530612244897, 28.20408163265305]
5: mid: [2366.685840707965, 16.402212389380527, 28.805309734513276]
5: mid: [2356.4841628959266, 16.43438914027149, 29.004524886877814]
5: mid: [2310.402985074626, 16.620398009950257, 29.502487562189074]
5: mid: [2308.2300000000027, 16.619999999999997, 29.55000000000002]
5: mid: [2308.2300000000027, 16.619999999999997, 29.55000000000002]
5: mid: [2303.3969849246214, 16.593467336683407, 29.597989949748733]
5: mid: [2301.424242424243, 16.60151515151515, 29.64646464646465]
5: mid: [2302.939086294418, 16.589340101522843, 29.644670050761434]
5: mid: [2300.4030612244915, 16.60051020408163, 29.64285714285713]
5: mid: [2300.4030612244915, 16.60051020408163, 29.64285714285713]
5: mid: [2299.164102564101, 16.598461538461525, 29.641025641025642]
5: mid: [2297.8195876288664, 16.610824742268033, 29.639175257731953]
5: mid: [2488.4000000000005, 16.575000000000003, 26.0]
5: mid: [2568.8361774744035, 16.481911262798636, 26.962457337883954]
5: mid: [2568.8361774744035, 16.481911262798636, 26.962457337883954]
5: mid: [2490.488281249999, 16.253125000000008, 27.695312500000004]
5: mid: [2436.3739495798327, 16.19789915966387, 28.193277310924366]
5: mid: [2439.9825327510903, 16.227510917030568, 28.296943231441055]
5: mid: [2412.9211618257264, 16.415767634854774, 28.42323651452282]
5: mid: [2386.411255411255, 16.440692640692635, 28.787878787878785]
5: mid: [2346.4158878504672, 16.554205607476618, 29.158878504672906]
5: mid: [2336.712264150943, 16.566509433962263, 29.24528301886794]
5: mid: [3195.890243902439, 16.287804878048778, 20.975609756097565]
5: mid: [2569.8979591836733, 16.49727891156463, 27.006802721088437]
5: mid: [2628.281553398057, 16.380582524271837, 26.66666666666666]
5: mid: [2565.9556313993176, 16.48873720136517, 26.996587030716718]
5: mid: [2461.3214285714294, 16.474999999999987, 28.13492063492064]
5: mid: [2462.76, 16.502, 28.240000000000006]
5: mid: [2506.8333333333326, 16.519318181818168, 27.765151515151533]
5: mid: [2468.0079681274897, 16.49442231075698, 28.167330677290835]
5: mid: [2431.648760330579, 16.484710743801664, 28.47107438016529]
5: mid: [2352.2760180995497, 16.451131221719447, 29.14027149321268]
5: mid: [2325.538461538462, 16.976923076923075, 27.692307692307693]
5: mid: [2470.4767441860467, 16.383720930232563, 26.511627906976738]
5: mid: [2714.8730158730164, 16.58730158730159, 24.444444444444443]
5: mid: [2568.8076923076933, 16.392307692307693, 25.384615384615387]
5: mid: [2448.536585365854, 16.339024390243896, 26.097560975609756]
5: mid: [2310.6467661691554, 16.603980099502504, 29.502487562189057]
5: mid: [2311.03, 16.62450000000001, 29.500000000000004]
5: mid: [2311.03, 16.62450000000001, 29.500000000000004]
5: mid: [2311.437185929648, 16.635175879396975, 29.497487437185914]
5: mid: [2311.437185929648, 16.635175879396975, 29.497487437185914]
5: mid: [2464.396226415094, 16.43113207547169, 28.726415094339625]
5: mid: [2710.583333333334, 16.357017543859644, 27.412280701754376]
5: mid: [2651.562753036437, 16.49716599190283, 26.801619433198386]
5: mid: [2446.7801047120415, 16.4413612565445, 29.21465968586386]
5: mid: [2311.68656716418, 16.62636815920398, 29.452736318407965]
5: mid: [2311.68656716418, 16.62636815920398, 29.452736318407965]
5: mid: [2383.0852017937227, 16.518385650224218, 29.013452914798215]
5: mid: [2310.7999999999997, 16.634499999999992, 29.5]
5: mid: [2317.0443349753696, 16.62660098522168, 29.45812807881774]
5: mid: [2330.65641025641, 16.61435897435898, 29.538461538461533]
5: mid: [2273.0, 16.306666666666665, 30.000000000000004]
5: mid: [2571.5460750853254, 16.48293515358361, 26.96245733788396]
5: mid: [2571.5460750853254, 16.48293515358361, 26.96245733788396]
5: mid: [2305.4577114427843, 16.59950248756218, 29.60199004975123]
5: mid: [2307.235, 16.577500000000008, 29.59999999999999]
5: mid: [2305.437185929649, 16.59095477386936, 29.59798994974873]
5: mid: [2305.363636363638, 16.594949494949496, 29.595959595959584]
5: mid: [2305.363636363638, 16.594949494949496, 29.595959595959584]
5: mid: [2304.9593908629436, 16.61370558375635, 29.593908629441618]
5: mid: [2304.9593908629436, 16.61370558375635, 29.593908629441618]
5: mid: [2309.0742574257433, 16.621287128712886, 29.504950495049503]
5: mid: [2310.2885572139294, 16.6318407960199, 29.50248756218906]
5: mid: [2311.9399999999996, 16.638500000000008, 29.450000000000003]
5: mid: [2311.9399999999996, 16.638500000000008, 29.450000000000003]
5: mid: [2313.9346733668326, 16.649748743718593, 29.396984924623112]
5: mid: [2311.974747474748, 16.665656565656548, 29.44444444444446]
5: mid: [2313.228426395938, 16.65989847715737, 29.441624365482237]
5: mid: [2311.0255102040805, 16.65969387755101, 29.489795918367353]
5: mid: [2308.5179487179485, 16.67128205128206, 29.487179487179507]
5: mid: [2306.9123711340208, 16.682989690721637, 29.48453608247424]
5: mid: [2569.806122448979, 16.477551020408168, 26.97278911564628]
5: mid: [2569.806122448979, 16.477551020408168, 26.97278911564628]
5: mid: [2571.4607508532417, 16.459726962457346, 26.928327645051187]
5: mid: [2306.557213930349, 16.578109452736307, 29.502487562189042]
5: mid: [2305.644999999998, 16.58599999999999, 29.549999999999997]
5: mid: [2408.48780487805, 16.36768292682928, 30.00000000000001]
5: mid: [2414.3418367346926, 16.416836734693874, 29.336734693877546]
5: mid: [2305.348484848486, 16.57979797979797, 29.545454545454525]
5: mid: [2302.5076142132, 16.580710659898482, 29.593908629441625]
5: mid: [2302.5076142132, 16.580710659898482, 29.593908629441625]
5: mid: [2313.024875621892, 16.63383084577114, 29.45273631840796]
5: mid: [2310.8649999999984, 16.63349999999998, 29.499999999999993]
5: mid: [2306.341836734695, 16.67704081632653, 29.438775510204078]
5: mid: [2304.117948717951, 16.680512820512824, 29.487179487179482]
5: mid: [2301.278350515463, 16.675773195876282, 29.536082474226788]
5: mid: [2305.0153061224473, 16.644897959183684, 29.540816326530592]
5: mid: [2305.0153061224473, 16.644897959183684, 29.540816326530592]
5: mid: [2305.0153061224473, 16.644897959183684, 29.540816326530592]
5: mid: [2307.4769230769252, 16.634871794871792, 29.487179487179482]
5: mid: [2307.5773195876277, 16.632989690721644, 29.48453608247422]
6: top: [2108.0, 15.5, 20.0]
6: top: [2108.0, 15.5, 20.0]
6: top: [1613.0, 18.0, 40.0]
6: top: [1613.0, 18.0, 40.0]
6: top: [1613.0, 18.0, 40.0]
6: top: [1613.0, 18.0, 40.0]
6: top: [1613.0, 18.0, 40.0]
6: top: [1613.0, 18.0, 40.0]
6: top: [1613.0, 18.0, 40.0]
6: top: [1613.0, 18.0, 40.0]
6: top: [2790.0, 15.6, 30.0]
6: top: [1965.0, 15.7, 30.0]
6: top: [1965.0, 15.7, 30.0]
6: top: [1965.0, 15.7, 30.0]
6: top: [2135.0, 16.6, 30.0]
6: top: [2135.0, 16.6, 30.0]
6: top: [2135.0, 16.6, 30.0]
6: top: [1773.0, 19.0, 30.0]
6: top: [1773.0, 19.0, 30.0]
6: top: [1773.0, 19.0, 30.0]
6: top: [2110.0, 19.2, 40.0]
6: top: [2110.0, 19.2, 40.0]
6: top: [2110.0, 19.2, 40.0]
6: top: [2110.0, 19.2, 40.0]
6: top: [2110.0, 19.2, 40.0]
6: top: [2110.0, 19.2, 40.0]
6: top: [2110.0, 19.2, 40.0]
6: top: [2110.0, 19.2, 40.0]
6: top: [2110.0, 19.2, 40.0]
6: top: [2110.0, 19.2, 40.0]
6: top: [3250.0, 21.8, 30.0]
6: top: [1867.0, 19.5, 30.0]
6: top: [1867.0, 19.5, 30.0]
6: top: [1867.0, 19.5, 30.0]
6: top: [1867.0, 19.5, 30.0]
6: top: [1867.0, 19.5, 30.0]
6: top: [1867.0, 19.5, 30.0]
6: top: [1867.0, 19.5, 30.0]
6: top: [1867.0, 19.5, 30.0]
6: top: [1867.0, 19.5, 30.0]
6: top: [1950.0, 21.0, 30.0]
6: top: [1950.0, 21.0, 30.0]
6: top: [1950.0, 21.0, 30.0]
6: top: [1950.0, 21.0, 30.0]
6: top: [1950.0, 21.0, 30.0]
6: top: [1950.0, 21.0, 30.0]
6: top: [1950.0, 21.0, 30.0]
6: top: [1950.0, 21.0, 30.0]
6: top: [1950.0, 21.0, 30.0]
6: top: [1950.0, 21.0, 30.0]
6: top: [1925.0, 14.0, 30.0]
6: top: [1925.0, 14.0, 30.0]
6: top: [1925.0, 14.0, 30.0]
6: top: [1925.0, 14.0, 30.0]
6: top: [1836.0, 21.0, 30.0]
6: top: [1836.0, 21.0, 30.0]
6: top: [1836.0, 21.0, 30.0]
6: top: [1836.0, 21.0, 30.0]
6: top: [1836.0, 21.0, 30.0]
6: top: [1836.0, 21.0, 30.0]
6: top: [2220.0, 16.9, 30.0]
6: top: [2220.0, 16.9, 30.0]
6: top: [2220.0, 16.9, 30.0]
6: top: [2220.0, 16.9, 30.0]
6: top: [2035.0, 22.2, 30.0]
6: top: [2035.0, 22.2, 30.0]
6: top: [2035.0, 22.2, 30.0]
6: top: [2035.0, 22.2, 30.0]
6: top: [2035.0, 22.2, 30.0]
6: top: [2035.0, 22.2, 30.0]
6: top: [2265.0, 15.2, 30.0]
6: top: [2265.0, 15.2, 30.0]
6: top: [2265.0, 15.2, 30.0]
6: top: [2265.0, 15.2, 30.0]
6: top: [2265.0, 15.2, 30.0]
6: top: [2265.0, 15.2, 30.0]
6: top: [2265.0, 15.2, 30.0]
6: top: [2265.0, 15.2, 30.0]
6: top: [2265.0, 15.2, 30.0]
6: top: [2265.0, 15.2, 30.0]
6: top: [2219.0, 16.5, 30.0]
6: top: [2219.0, 16.5, 30.0]
6: top: [2219.0, 16.5, 30.0]
6: top: [2219.0, 16.5, 30.0]
6: top: [2219.0, 16.5, 30.0]
6: top: [2219.0, 16.5, 30.0]
6: top: [2219.0, 16.5, 30.0]
6: top: [2219.0, 16.5, 30.0]
6: top: [2735.0, 18.0, 30.0]
6: top: [2735.0, 18.0, 30.0]
6: top: [1945.0, 16.8, 30.0]
6: top: [1945.0, 16.8, 30.0]
6: top: [1945.0, 16.8, 30.0]
6: top: [1945.0, 16.8, 30.0]
6: top: [1945.0, 16.8, 30.0]
6: top: [1945.0, 16.8, 30.0]
6: top: [1945.0, 16.8, 30.0]
6: top: [1945.0, 16.8, 30.0]
6: top: [1945.0, 16.8, 30.0]
6: top: [1945.0, 16.8, 30.0]
6: top: [2125.0, 17.3, 40.0]
6: top: [2125.0, 17.3, 40.0]
6: top: [2125.0, 17.3, 40.0]
6: top: [2125.0, 17.3, 40.0]
6: top: [2125.0, 17.3, 40.0]
6: top: [2125.0, 17.3, 40.0]
6: top: [2125.0, 17.3, 40.0]
6: top: [2125.0, 17.3, 40.0]
6: top: [2125.0, 17.3, 40.0]
6: top: [2125.0, 17.3, 40.0]
6: top: [1970.0, 17.6, 30.0]
6: top: [1970.0, 17.6, 30.0]
6: top: [1970.0, 17.6, 30.0]
6: top: [1970.0, 17.6, 30.0]
6: top: [1970.0, 17.6, 30.0]
6: top: [2003.0, 19.0, 30.0]
6: top: [2003.0, 19.0, 30.0]
6: top: [2003.0, 19.0, 30.0]
6: top: [2003.0, 19.0, 30.0]
6: top: [2003.0, 19.0, 30.0]
6: top: [1963.0, 15.5, 30.0]
6: top: [1963.0, 15.5, 30.0]
6: top: [1963.0, 15.5, 30.0]
6: top: [2126.0, 17.0, 30.0]
6: top: [2126.0, 17.0, 30.0]
6: top: [2126.0, 17.0, 30.0]
6: top: [2126.0, 17.0, 30.0]
6: top: [2126.0, 17.0, 30.0]
6: top: [2126.0, 17.0, 30.0]
6: top: [2126.0, 17.0, 30.0]
6: top: [2807.0, 13.5, 20.0]
6: top: [2807.0, 13.5, 20.0]
6: top: [3420.0, 22.2, 20.0]
6: top: [3420.0, 22.2, 20.0]
6: top: [3420.0, 22.2, 20.0]
6: top: [3420.0, 22.2, 20.0]
6: top: [3420.0, 22.2, 20.0]
6: top: [3420.0, 22.2, 20.0]
6: top: [3420.0, 22.2, 20.0]
6: top: [3420.0, 22.2, 20.0]
6: top: [1795.0, 17.4, 30.0]
6: top: [1795.0, 17.4, 30.0]
6: top: [1795.0, 17.4, 30.0]
6: top: [1795.0, 17.4, 30.0]
6: top: [1795.0, 17.4, 30.0]
6: top: [1795.0, 17.4, 30.0]
6: top: [1795.0, 17.4, 30.0]
6: top: [1795.0, 17.4, 30.0]
6: top: [1795.0, 17.4, 30.0]
6: top: [1795.0, 17.4, 30.0]
6: top: [1980.0, 15.3, 40.0]
6: top: [1980.0, 15.3, 40.0]
6: top: [1980.0, 15.3, 40.0]
6: top: [1980.0, 15.3, 40.0]
6: top: [1980.0, 15.3, 40.0]
6: top: [1980.0, 15.3, 40.0]
6: top: [1980.0, 15.3, 40.0]
6: top: [1980.0, 15.3, 40.0]
6: top: [1980.0, 15.3, 40.0]
6: top: [1980.0, 15.3, 40.0]
6: top: [2155.0, 16.5, 30.0]
6: top: [2155.0, 16.5, 30.0]
6: top: [2155.0, 16.5, 30.0]
6: top: [2155.0, 16.5, 30.0]
6: top: [1950.0, 21.0, 30.0]
6: top: [1950.0, 21.0, 30.0]
6: top: [1950.0, 21.0, 30.0]
6: top: [1950.0, 21.0, 30.0]
6: top: [1950.0, 21.0, 30.0]
6: top: [1950.0, 21.0, 30.0]
6: top: [2125.0, 14.5, 30.0]
6: top: [2065.0, 14.5, 30.0]
6: top: [1980.0, 15.3, 40.0]
6: top: [1980.0, 15.3, 40.0]
6: top: [1980.0, 15.3, 40.0]
6: top: [1980.0, 15.3, 40.0]
6: top: [1980.0, 15.3, 40.0]
6: top: [1980.0, 15.3, 40.0]
6: top: [1980.0, 15.3, 40.0]
6: top: [1980.0, 15.3, 40.0]
6: top: [2890.0, 17.3, 20.0]
6: top: [2890.0, 17.3, 20.0]
6: top: [2085.0, 21.7, 40.0]
6: top: [2085.0, 21.7, 40.0]
6: top: [2085.0, 21.7, 40.0]
6: top: [2085.0, 21.7, 40.0]
6: top: [2085.0, 21.7, 40.0]
6: top: [2085.0, 21.7, 40.0]
6: top: [2085.0, 21.7, 40.0]
6: top: [2085.0, 21.7, 40.0]
6: top: [1800.0, 14.4, 40.0]
6: top: [1800.0, 14.4, 40.0]
6: top: [2125.0, 14.7, 40.0]
6: top: [2125.0, 14.7, 40.0]
6: top: [2125.0, 14.7, 40.0]
6: top: [2125.0, 14.7, 40.0]
6: top: [2125.0, 14.7, 40.0]
6: top: [2125.0, 14.7, 40.0]
6: top: [1825.0, 18.6, 40.0]
6: top: [1825.0, 18.6, 40.0]
